<?xml version="1.0" encoding="UTF-8" ?>
<testsuite failures="0" time="0.164" errors="0" skipped="0" tests="3" name="com.bitresolution.xtest.core.graph.XTestAnnotationBasedGraphFactorySpec">
  <properties>
[...]
</properties>
  <testcase time="0" classname="com.bitresolution.xtest.core.graph.XTestAnnotationBasedGraphFactorySpec" name="should not parse test graph from non-annotated class"/>
  <testcase time="0.161" classname="com.bitresolution.xtest.core.graph.XTestAnnotationBasedGraphFactorySpec" name="should create test graph from class with TestNode annotation but no methods"/>
  <testcase time="0.003" classname="com.bitresolution.xtest.core.graph.XTestAnnotationBasedGraphFactorySpec" name="should create test graph from class with TestNode annotation but no TestNode annotated methods"/>
</testsuite>